<?xml version="1.0" encoding="UTF-8"?>
<testsuite name="Wordle_IvanMartinezKtTest" tests="1" skipped="0" failures="0" errors="0" timestamp="2023-01-13T12:26:56" hostname="AHL-672-hA305-31" time="0.019">
  <properties/>
  <testcase name="characterPainterPaintsAllGreenWhenTheUserGuessIsCorrectWord()" classname="Wordle_IvanMartinezKtTest" time="0.019"/>
  <system-out><![CDATA[]]></system-out>
  <system-err><![CDATA[]]></system-err>
</testsuite>
